<?xml version="1.0" encoding="UTF-8" standalone="no" ?>
<application xmlns="http://ns.adobe.com/air/application/2.0">

  <id>com.gamevil.zenonia2</id>

  <version>1.2</version>

  <filename>test</filename>

  <description/>

  



  



  



  



  



  



  



  



  



  



  



  

<!-- To localize the description, use the following format for the description element.<description><text xml:lang="en">English App description goes here</text><text xml:lang="fr">French App description goes here</text><text xml:lang="ja">Japanese App description goes here</text></description>-->

  <name>test</name>

  



  



  



  



  



  



  



  



  



  



  



  

<!-- To localize the name, use the following format for the name element.<name><text xml:lang="en">English App name goes here</text><text xml:lang="fr">French App name goes here</text><text xml:lang="ja">Japanese App name goes here</text></name>-->

  <copyright/>

  <initialWindow>
    <content>test.swf</content>
    <systemChrome>standard</systemChrome>
    <transparent>false</transparent>
    <visible>true</visible>
    <fullScreen>true</fullScreen>
    <aspectRatio>portrait</aspectRatio>
    <renderMode>auto</renderMode>
    <autoOrients>true</autoOrients>
  </initialWindow>

  <icon>
    
    
    
    
    
    
    <image29x29>AppIconsForPublish/t29.png</image29x29>
    <image57x57>AppIconsForPublish/t57.png</image57x57>
    <image512x512>AppIconsForPublish/t512.png</image512x512>
  </icon>

  <customUpdateUI>false</customUpdateUI>

  <allowBrowserInvocation>false</allowBrowserInvocation>
























</application>
